<?xml version="1.0" encoding="UTF-8"?>
<testsuite name="GIT_Project/tests" tests="0" failures="0" skipped="0" hostname="Dell-Archimaheshwari" time="381.502" timestamp="Mon Jul 20 10:10:39 IST 2020">
	<properties>
		<property name="excludeCallableTestCases" value="true"/>
		<property name="testEnvironment" value=""/>
		<property name="pluginOutputLevel" value="WARNING"/>
		<property name="projectPath" value=".."/>
		<property name="salesforceMetadataCache" value="Reuse"/>
		<property name="resultsPathDisposition" value="Increment"/>
		<property name="testOutputLevel" value="WARNING"/>
		<property name="webBrowserType" value="Google Chrome"/>
		<property name="resultsPath" value="../ANT/Results"/>
		<property name="webBrowserConfiguration" value="Full Screen"/>
		<property name="projectCachePath" value="C:\Users\archi.maheshwari\git\GIT_demo\GIT_Project\ANT\..\.provarCaches"/>
	</properties>
</testsuite>
